0 info it worked if it ends with ok
1 verbose cli [ 'node', '/usr/local/bin/npm', 'install', 'cherio' ]
2 info using npm@1.4.28
3 info using node@v0.10.33
4 verbose readDependencies using package.json deps
5 verbose cache add [ 'cherio', null ]
6 verbose cache add name=undefined spec="cherio" args=["cherio",null]
7 verbose parsed url { protocol: null,
7 verbose parsed url   slashes: null,
7 verbose parsed url   auth: null,
7 verbose parsed url   host: null,
7 verbose parsed url   port: null,
7 verbose parsed url   hostname: null,
7 verbose parsed url   hash: null,
7 verbose parsed url   search: null,
7 verbose parsed url   query: null,
7 verbose parsed url   pathname: 'cherio',
7 verbose parsed url   path: 'cherio',
7 verbose parsed url   href: 'cherio' }
8 silly lockFile 8268ac7a-cherio cherio
9 verbose lock cherio /Users/Isaac/.npm/8268ac7a-cherio.lock
10 silly lockFile 8268ac7a-cherio cherio
11 silly lockFile 8268ac7a-cherio cherio
12 verbose addNamed [ 'cherio', '' ]
13 verbose addNamed [ null, '*' ]
14 silly lockFile 11d865d2-cherio cherio@
15 verbose lock cherio@ /Users/Isaac/.npm/11d865d2-cherio.lock
16 silly addNameRange { name: 'cherio', range: '*', hasData: false }
17 verbose request where is /cherio
18 verbose request registry https://registry.npmjs.org/
19 verbose request id a431b191b74d583a
20 verbose url raw /cherio
21 verbose url resolving [ 'https://registry.npmjs.org/', './cherio' ]
22 verbose url resolved https://registry.npmjs.org/cherio
23 verbose request where is https://registry.npmjs.org/cherio
24 info trying registry request attempt 1 at 10:44:44
25 http GET https://registry.npmjs.org/cherio
26 http 404 https://registry.npmjs.org/cherio
27 silly registry.get cb [ 404,
27 silly registry.get   { 'content-type': 'application/json',
27 silly registry.get     'cache-control': 'max-age=0',
27 silly registry.get     'content-length': '2',
27 silly registry.get     'accept-ranges': 'bytes',
27 silly registry.get     date: 'Sat, 12 Sep 2015 14:44:44 GMT',
27 silly registry.get     via: '1.1 varnish',
27 silly registry.get     age: '0',
27 silly registry.get     connection: 'keep-alive',
27 silly registry.get     'x-served-by': 'cache-atl6224-ATL',
27 silly registry.get     'x-cache': 'MISS',
27 silly registry.get     'x-cache-hits': '0',
27 silly registry.get     'x-timer': 'S1442069084.919795,VS0,VE30' } ]
28 silly lockFile 11d865d2-cherio cherio@
29 silly lockFile 11d865d2-cherio cherio@
30 error 404 Not Found
30 error 404
30 error 404 'cherio' is not in the npm registry.
30 error 404 You should bug the author to publish it
30 error 404 It was specified as a dependency of 'fsssched'
30 error 404
30 error 404 Note that you can also install from a
30 error 404 tarball, folder, or http url, or git url.
31 error System Darwin 15.0.0
32 error command "node" "/usr/local/bin/npm" "install" "cherio"
33 error cwd /Users/Isaac/sites/fsssched
34 error node -v v0.10.33
35 error npm -v 1.4.28
36 error code E404
37 verbose exit [ 1, true ]
